Frame 30 

 

 
 

 

 
 

 

 
1 /
峒裙

剂
介 _

 

 

 
Failed to find register plates: OpenCV(4.5.4) /tmp/pip-req-build-1mhygbdf/opencv/modules/imgproc/src/convhull.cpp:143: error: (-215:Assertion failed) total >= 0 && (depth == CV_32F || depth == CV_32S) in function 'convexHull'
Frame 60 
 
 
 
Failed to find register plates: OpenCV(4.5.4) /tmp/pip-req-build-1mhygbdf/opencv/modules/imgproc/src/convhull.cpp:143: error: (-215:Assertion failed) total >= 0 && (depth == CV_32F || depth == CV_32S) in function 'convexHull'
Frame 90 
 
 
 
Failed to find register plates: OpenCV(4.5.4) /tmp/pip-req-build-1mhygbdf/opencv/modules/imgproc/src/convhull.cpp:143: error: (-215:Assertion failed) total >= 0 && (depth == CV_32F || depth == CV_32S) in function 'convexHull'
Frame 1201 Wl R
1 W W
- Tl WD T X

B
e
-]

 
ТО 80 189 н
] Ч н щ
ае

в
6
(— йи

 
8 25لا لال 11
اذ اللا 311 351
تسد هد رسا 71 -)

5
ب
ا

 
Z

人 和 /< 口 yx 一
一 一 < 一

A 技 2 月
A 技 余 /‖
技 邦 邝

/ 1】 咛 !耆「/
f 仁 删

余 李 吴

f

戛

婆

1

刀

H
0

 
Failed to find register plates: OpenCV(4.5.4) /tmp/pip-req-build-1mhygbdf/opencv/modules/imgproc/src/convhull.cpp:143: error: (-215:Assertion failed) total >= 0 && (depth == CV_32F || depth == CV_32S) in function 'convexHull'
Frame 150 

 
 

 
 

 
 

野 日 卫 里 页 里 目 一 日 8

 
Failed to find register plates: OpenCV(4.5.4) /tmp/pip-req-build-1mhygbdf/opencv/modules/imgproc/src/convhull.cpp:143: error: (-215:Assertion failed) total >= 0 && (depth == CV_32F || depth == CV_32S) in function 'convexHull'
Frame 180H‘

ii x"'n,lw,

i
,ng I

 
\.”

іі 1"'›„н*н

Н
]Цл;д |

 
0"

"0 ال

ل
( ال

 
 
Failed to find register plates: OpenCV(4.5.4) /tmp/pip-req-build-1mhygbdf/opencv/modules/imgproc/src/convhull.cpp:143: error: (-215:Assertion failed) total >= 0 && (depth == CV_32F || depth == CV_32S) in function 'convexHull'
Frame 210 
 
 
 
Failed to find register plates: OpenCV(4.5.4) /tmp/pip-req-build-1mhygbdf/opencv/modules/imgproc/src/convhull.cpp:143: error: (-215:Assertion failed) total >= 0 && (depth == CV_32F || depth == CV_32S) in function 'convexHull'
Frame 240=.a
-
e
.
-
;.
-
e
—
-
-

 
. щ
« _
н
ля
лат
‚
"
э
—
—
!

 
ىج
ور
بلا
--
‎٠‏
‏ار
‎١‏
‏ما 0
-
ا ‎١‏
‏-

 
四 W 备
国 川 【|_ ( 龋
| 岫娜耐

万 a
一 , 园
n
要
E
; 吸
略
巳
口
二
b 河

 
Failed to find register plates: OpenCV(4.5.4) /tmp/pip-req-build-1mhygbdf/opencv/modules/imgproc/src/convhull.cpp:143: error: (-215:Assertion failed) total >= 0 && (depth == CV_32F || depth == CV_32S) in function 'convexHull'
Frame 270 
 
 
 
Failed to find register plates: OpenCV(4.5.4) /tmp/pip-req-build-1mhygbdf/opencv/modules/imgproc/src/convhull.cpp:143: error: (-215:Assertion failed) total >= 0 && (depth == CV_32F || depth == CV_32S) in function 'convexHull'
Frame 300 
 
 
 
Failed to find register plates: OpenCV(4.5.4) /tmp/pip-req-build-1mhygbdf/opencv/modules/imgproc/src/convhull.cpp:143: error: (-215:Assertion failed) total >= 0 && (depth == CV_32F || depth == CV_32S) in function 'convexHull'
Frame 330e
—l S —

1 g

 

|
ЙЕН лее аща
ч— а оннн

Т оа ]

 

`
: لا اد

| « كد

 

ب
竖
] 附 屹 (
测

s
园 伟 b

吴
一

 
Failed to find register plates: OpenCV(4.5.4) /tmp/pip-req-build-1mhygbdf/opencv/modules/imgproc/src/convhull.cpp:143: error: (-215:Assertion failed) total >= 0 && (depth == CV_32F || depth == CV_32S) in function 'convexHull'
Frame 360 

4

i
 

” |

ИТТТ
8|

00

 
  

b

sozdpr d g 芸 、
Failed to find register plates: OpenCV(4.5.4) /tmp/pip-req-build-1mhygbdf/opencv/modules/imgproc/src/convhull.cpp:143: error: (-215:Assertion failed) total >= 0 && (depth == CV_32F || depth == CV_32S) in function 'convexHull'
Frame 390 

 

 

 

 

 
 

 

 

 

 

 
 

 

 

 

 

 
 

 

 

 

 

 
Failed to find register plates: OpenCV(4.5.4) /tmp/pip-req-build-1mhygbdf/opencv/modules/imgproc/src/convhull.cpp:143: error: (-215:Assertion failed) total >= 0 && (depth == CV_32F || depth == CV_32S) in function 'convexHull'
Frame 420   

e A
   

ж ;
   

َ ل ا التتصل
 
Failed to find register plates: OpenCV(4.5.4) /tmp/pip-req-build-1mhygbdf/opencv/modules/imgproc/src/convhull.cpp:143: error: (-215:Assertion failed) total >= 0 && (depth == CV_32F || depth == CV_32S) in function 'convexHull'
Frame 450 
 
 
 
Failed to find register plates: OpenCV(4.5.4) /tmp/pip-req-build-1mhygbdf/opencv/modules/imgproc/src/convhull.cpp:143: error: (-215:Assertion failed) total >= 0 && (depth == CV_32F || depth == CV_32S) in function 'convexHull'
Frame 480   
   

U )
   
   

1С В
   
   

الا وها
 
Failed to find register plates: OpenCV(4.5.4) /tmp/pip-req-build-1mhygbdf/opencv/modules/imgproc/src/convhull.cpp:143: error: (-215:Assertion failed) total >= 0 && (depth == CV_32F || depth == CV_32S) in function 'convexHull'
Frame 510     
    

(B!
| i
ol o :'Ii: !

L m !"t ik

| lﬂa\i"

!
U

 
     
    

| Е
| н ЦЛ
шг :іц: ‘
Г. "'[ Т&
| `|\к\‹"

]
ИТЕ

 
     
    

ا
1 |
| 0 جع

ا ا 014

ا

ا
مالاااًاالااي

 
        

园
寿
t

1
园
E

 
Failed to find register plates: OpenCV(4.5.4) /tmp/pip-req-build-1mhygbdf/opencv/modules/imgproc/src/convhull.cpp:143: error: (-215:Assertion failed) total >= 0 && (depth == CV_32F || depth == CV_32S) in function 'convexHull'
Frame 540 
 
 
 
Failed to find register plates: OpenCV(4.5.4) /tmp/pip-req-build-1mhygbdf/opencv/modules/imgproc/src/convhull.cpp:143: error: (-215:Assertion failed) total >= 0 && (depth == CV_32F || depth == CV_32S) in function 'convexHull'
Frame 570 

 

  

M

 
 

T
'AN
 

 

  

Й

 
 

У
'Аі!
فايالو
يل

 
 

ولا

  

 

 
 

 

   

史 中
颐鲫
Failed to find register plates: OpenCV(4.5.4) /tmp/pip-req-build-1mhygbdf/opencv/modules/imgproc/src/drawing.cpp:2598: error: (-215:Assertion failed) reader.ptr != NULL in function 'cvDrawContours'
Frame 600'?r
h " I-F
:.""lll l!'l‘

{

 
'?г
Ц " '-г
:п|:"'| 'Ё'ъ

(

 
0
ٍ ٍ 1
ل ب

1

 
李 …"『胁

 
Failed to find register plates: OpenCV(4.5.4) /tmp/pip-req-build-1mhygbdf/opencv/modules/imgproc/src/convhull.cpp:143: error: (-215:Assertion failed) total >= 0 && (depth == CV_32F || depth == CV_32S) in function 'convexHull'
Frame 630  
      
      

ST

 

/72 STARBUCKS "
4% cortkE
  
      
      

ы °

 

ССЗТАВВЦСКО 1
® ОСОЕЁЕЕ
  
      
      

85

 

1 كانامسمتكسمجج/
عام ؟ 1
/CMsTAR8UCKS 逼
扎 怡 corttt

 
Failed to find register plates: OpenCV(4.5.4) /tmp/pip-req-build-1mhygbdf/opencv/modules/imgproc/src/drawing.cpp:2598: error: (-215:Assertion failed) reader.ptr != NULL in function 'cvDrawContours'
Frame 660 
 
 
 
Failed to find register plates: OpenCV(4.5.4) /tmp/pip-req-build-1mhygbdf/opencv/modules/imgproc/src/convhull.cpp:143: error: (-215:Assertion failed) total >= 0 && (depth == CV_32F || depth == CV_32S) in function 'convexHull'
Frame 6907 et

   
 
 
  

i/ Lo, B o .
e A A A
e+

'

= -5
Н!

   
 
 
  

о нн ЕЙ ад «Са ав оь
ОНа воет поо — ат ай
е

и

я —ач ,
سا 7

   
 
 
  

حسم د خض مستت صب 7
عه حسر د مد دا تست
4ج

ص

ب 37ج" 3
4
|

0

0
牌
【〕 涮 |

M
啡 …
〔′ |

州

 
Failed to find register plates: OpenCV(4.5.4) /tmp/pip-req-build-1mhygbdf/opencv/modules/imgproc/src/convhull.cpp:143: error: (-215:Assertion failed) total >= 0 && (depth == CV_32F || depth == CV_32S) in function 'convexHull'
Frame 720 

 
 

 
 

 
 

 
Failed to find register plates: OpenCV(4.5.4) /tmp/pip-req-build-1mhygbdf/opencv/modules/imgproc/src/convhull.cpp:143: error: (-215:Assertion failed) total >= 0 && (depth == CV_32F || depth == CV_32S) in function 'convexHull'
Frame 750 
 
 
 
Failed to find register plates: OpenCV(4.5.4) /tmp/pip-req-build-1mhygbdf/opencv/modules/imgproc/src/convhull.cpp:143: error: (-215:Assertion failed) total >= 0 && (depth == CV_32F || depth == CV_32S) in function 'convexHull'
Frame 780 
 
 
 
Failed to find register plates: OpenCV(4.5.4) /tmp/pip-req-build-1mhygbdf/opencv/modules/imgproc/src/convhull.cpp:143: error: (-215:Assertion failed) total >= 0 && (depth == CV_32F || depth == CV_32S) in function 'convexHull'
Frame 810 
 
 
 
Failed to find register plates: OpenCV(4.5.4) /tmp/pip-req-build-1mhygbdf/opencv/modules/imgproc/src/convhull.cpp:143: error: (-215:Assertion failed) total >= 0 && (depth == CV_32F || depth == CV_32S) in function 'convexHull'
Frame 840 
 
 
 
Failed to find register plates: OpenCV(4.5.4) /tmp/pip-req-build-1mhygbdf/opencv/modules/imgproc/src/convhull.cpp:143: error: (-215:Assertion failed) total >= 0 && (depth == CV_32F || depth == CV_32S) in function 'convexHull'
Frame 870 

Cres)
 

е
 

اله
t 昏~′ J .」_ 亡 门槽「 `‖_‖‖l"

 

E
Failed to find register plates: OpenCV(4.5.4) /tmp/pip-req-build-1mhygbdf/opencv/modules/imgproc/src/drawing.cpp:2598: error: (-215:Assertion failed) reader.ptr != NULL in function 'cvDrawContours'
Frame 900 
 
 
 
Failed to find register plates: OpenCV(4.5.4) /tmp/pip-req-build-1mhygbdf/opencv/modules/imgproc/src/convhull.cpp:143: error: (-215:Assertion failed) total >= 0 && (depth == CV_32F || depth == CV_32S) in function 'convexHull'
Frame 930 
 
 
 
Failed to find register plates: OpenCV(4.5.4) /tmp/pip-req-build-1mhygbdf/opencv/modules/imgproc/src/convhull.cpp:143: error: (-215:Assertion failed) total >= 0 && (depth == CV_32F || depth == CV_32S) in function 'convexHull'
Frame 960IIIIIIIIM."

W (L

 
Ш“п'\ч.г

ала — ь ГОАМ

 
ولاالااتتنا

1 #<ك«

 
E

5 t

 
Failed to find register plates: OpenCV(4.5.4) /tmp/pip-req-build-1mhygbdf/opencv/modules/imgproc/src/drawing.cpp:2598: error: (-215:Assertion failed) reader.ptr != NULL in function 'cvDrawContours'
